1637245010786:create ovie Sátántangó drama 150
1637245032015:create movie Sátántango drama 150
1637245060303:list movies
1637245070665:delete osf
1637245081520:delete movie oisn
1637245104997:delete movie Sátántangó
1637245110416:list movies
1637245120112:delete movie Sátántango
1637245146644:stacktrace
1637245183113:list movies
1637245753104:create movie Sátántangó drama 150
1637245761491:delete movie
1637245774428:delete movie Sátántangó
1637245801769:list movies
1637246083712:create movie Sátántangó drama 150
1637246094995:delete movie Sátántangó
1637246100233:list movies
1637246115678:create movie Sátántangó drama 150
1637246119407:list movies
1637271942506:help
1637271958423:create movie Sátántangó drama 150
1637271963580:list movies
1637271982427:create movie Sátántangó kal 120
1637272088459:list movies
1637272103073:create movie Balázs romantic 200
1637272111036:list movies
1637272123005:delete movie hapci
1637272864802:create movie Sátántangó drama 150
1637272873149:delete movie G
1637273078972:create movie Sátántangó drama 150
1637273085131:delete movie a
1637273099139:list movies
1637273107273:delete movie Sátántangó
1637273123173:list movies
